# JRE version: Java(TM) SE Runtime Environment (17.0.10+11) (build 17.0.10+11-LTS-240)
# Java VM: Java HotSpot(TM) 64-Bit Server VM (17.0.10+11-LTS-240, mixed mode, sharing, tiered, compressed oops, compressed class ptrs, g1 gc, windows-amd64)
GC Precious Log:
 CPUs: 12 total, 12 available
 Memory: 16068M
 Large Page Support: Disabled
 NUMA Support: Disabled
 Compressed Oops: Enabled (Zero based)
 Heap Region Size: 2M
 Heap Min Capacity: 8M
 Heap Initial Capacity: 252M
 Heap Max Capacity: 4018M
 Pre-touch: Disabled
 Parallel Workers: 10
 Concurrent Workers: 3
 Concurrent Refinement Workers: 10
 Periodic GC: Disabled
Heap:
 garbage-first heap   total 258048K, used 817K [0x0000000704e00000, 0x0000000800000000)
  region size 2048K, 1 young (2048K), 1 survivors (2048K)
 Metaspace       used 315K, committed 512K, reserved 1114112K
  class space    used 10K, committed 128K, reserved 1048576K
GC Heap History (11 events):
Event: 0.260 GC heap before
{Heap before GC invocations=0 (full 0):
 garbage-first heap   total 258048K, used 20480K [0x0000000704e00000, 0x0000000800000000)
  region size 2048K, 11 young (22528K), 0 survivors (0K)
 Metaspace       used 315K, committed 512K, reserved 1114112K
  class space    used 10K, committed 128K, reserved 1048576K
}
Event: 0.263 GC heap after
{Heap after GC invocations=1 (full 0):
 garbage-first heap   total 258048K, used 823K [0x0000000704e00000, 0x0000000800000000)
  region size 2048K, 1 young (2048K), 1 survivors (2048K)
 Metaspace       used 315K, committed 512K, reserved 1114112K
  class space    used 10K, committed 128K, reserved 1048576K
}
Event: 0.287 GC heap before
{Heap before GC invocations=1 (full 0):
 garbage-first heap   total 258048K, used 37687K [0x0000000704e00000, 0x0000000800000000)
  region size 2048K, 20 young (40960K), 1 survivors (2048K)
 Metaspace       used 315K, committed 512K, reserved 1114112K
  class space    used 10K, committed 128K, reserved 1048576K
}
Event: 0.290 GC heap after
{Heap after GC invocations=2 (full 0):
 garbage-first heap   total 258048K, used 759K [0x0000000704e00000, 0x0000000800000000)
  region size 2048K, 1 young (2048K), 1 survivors (2048K)
 Metaspace       used 315K, committed 512K, reserved 1114112K
  class space    used 10K, committed 128K, reserved 1048576K
}
Event: 0.414 GC heap before
{Heap before GC invocations=2 (full 0):
 garbage-first heap   total 258048K, used 150263K [0x0000000704e00000, 0x0000000800000000)
  region size 2048K, 75 young (153600K), 1 survivors (2048K)
 Metaspace       used 315K, committed 512K, reserved 1114112K
  class space    used 10K, committed 128K, reserved 1048576K
}
Event: 0.416 GC heap after
{Heap after GC invocations=3 (full 0):
 garbage-first heap   total 258048K, used 737K [0x0000000704e00000, 0x0000000800000000)
  region size 2048K, 1 young (2048K), 1 survivors (2048K)
 Metaspace       used 315K, committed 512K, reserved 1114112K
  class space    used 10K, committed 128K, reserved 1048576K
}
Event: 0.479 GC heap before
{Heap before GC invocations=3 (full 0):
 garbage-first heap   total 258048K, used 150241K [0x0000000704e00000, 0x0000000800000000)
  region size 2048K, 75 young (153600K), 1 survivors (2048K)
 Metaspace       used 315K, committed 512K, reserved 1114112K
  class space    used 10K, committed 128K, reserved 1048576K
}
Event: 0.482 GC heap after
{Heap after GC invocations=4 (full 0):
 garbage-first heap   total 258048K, used 774K [0x0000000704e00000, 0x0000000800000000)
  region size 2048K, 1 young (2048K), 1 survivors (2048K)
 Metaspace       used 315K, committed 512K, reserved 1114112K
  class space    used 10K, committed 128K, reserved 1048576K
}
Event: 0.522 GC heap before
{Heap before GC invocations=4 (full 0):
 garbage-first heap   total 258048K, used 150278K [0x0000000704e00000, 0x0000000800000000)
  region size 2048K, 75 young (153600K), 1 survivors (2048K)
 Metaspace       used 315K, committed 512K, reserved 1114112K
  class space    used 10K, committed 128K, reserved 1048576K
}
Event: 0.525 GC heap after
{Heap after GC invocations=5 (full 0):
 garbage-first heap   total 258048K, used 794K [0x0000000704e00000, 0x0000000800000000)
  region size 2048K, 1 young (2048K), 1 survivors (2048K)
 Metaspace       used 315K, committed 512K, reserved 1114112K
  class space    used 10K, committed 128K, reserved 1048576K
}
Event: 0.572 GC heap before
{Heap before GC invocations=5 (full 0):
 garbage-first heap   total 258048K, used 150298K [0x0000000704e00000, 0x0000000800000000)
  region size 2048K, 75 young (153600K), 1 survivors (2048K)
 Metaspace       used 315K, committed 512K, reserved 1114112K
  class space    used 10K, committed 128K, reserved 1048576K
}

